[debug] [2023-03-17T11:39:30.677Z] ----------------------------------------------------------------------
[debug] [2023-03-17T11:39:30.680Z] Command:       d:\nodejs\node.exe C:\Users\Administrator\AppData\Roaming\npm\node_modules\firebase-tools\bin\firebase deploy --project api-project-8425737642
[debug] [2023-03-17T11:39:30.680Z] CLI Version:   3.18.4
[debug] [2023-03-17T11:39:30.680Z] Platform:      win32
[debug] [2023-03-17T11:39:30.680Z] Node Version:  v14.16.0
[debug] [2023-03-17T11:39:30.682Z] Time:          Fri Mar 17 2023 19:39:30 GMT+0800 (中国标准时间)
[debug] [2023-03-17T11:39:30.682Z] ----------------------------------------------------------------------
[debug] 
[debug] [2023-03-17T11:39:30.693Z] > command requires scopes: ["email","openid","https://www.googleapis.com/auth/cloudplatformprojects.readonly","https://www.googleapis.com/auth/firebase","https://www.googleapis.com/auth/cloud-platform"]
[debug] [2023-03-17T11:39:30.694Z] > authorizing via signed-in user
[debug] [2023-03-17T11:39:30.696Z] > refreshing access token with scopes: ["email","https://www.googleapis.com/auth/cloud-platform","https://www.googleapis.com/auth/cloudplatformprojects.readonly","https://www.googleapis.com/auth/firebase","openid"]
[debug] [2023-03-17T11:39:30.696Z] >>> HTTP REQUEST POST https://www.googleapis.com/oauth2/v3/token  
 {
  refresh_token: '1//069KXpc2sTKWiCgYIARAAGAYSNwF-L9IrdOl7cHZ0pwNuKYyjJ9pY9OIIUsDK7Qx3F98QZFfBfxGsyB9SzZKhRTbNZIz54tgn4O0',
  client_id: '563584335869-fgrhgmd47bqnekij5i8b5pr03ho849e6.apps.googleusercontent.com',
  client_secret: 'j9iVZfS8kkCEFUPaAeJV0sAi',
  grant_type: 'refresh_token',
  scope: 'email https://www.googleapis.com/auth/cloud-platform https://www.googleapis.com/auth/cloudplatformprojects.readonly https://www.googleapis.com/auth/firebase openid'
} 
 Fri Mar 17 2023 19:39:30 GMT+0800 (中国标准时间)
[debug] [2023-03-17T11:39:32.452Z] <<< HTTP RESPONSE 200
[debug] [2023-03-17T11:39:32.457Z] >>> HTTP REQUEST GET https://admin.firebase.com/v1/projects/api-project-8425737642  
  
 Fri Mar 17 2023 19:39:32 GMT+0800 (中国标准时间)
[info] 
[warn] !  Your CLI authentication needs to be updated to take advantage of new features.
[warn] !  Please run firebase login --reauth
[info] 
[debug] [2023-03-17T11:39:53.774Z] > command requires scopes: ["email","openid","https://www.googleapis.com/auth/cloudplatformprojects.readonly","https://www.googleapis.com/auth/firebase"]
[debug] [2023-03-17T11:39:53.774Z] > authorizing via signed-in user
[debug] [2023-03-17T11:39:53.775Z] > refreshing access token with scopes: ["email","https://www.googleapis.com/auth/cloudplatformprojects.readonly","https://www.googleapis.com/auth/firebase","openid"]
[debug] [2023-03-17T11:39:53.775Z] >>> HTTP REQUEST POST https://www.googleapis.com/oauth2/v3/token  
 {
  refresh_token: '1//069KXpc2sTKWiCgYIARAAGAYSNwF-L9IrdOl7cHZ0pwNuKYyjJ9pY9OIIUsDK7Qx3F98QZFfBfxGsyB9SzZKhRTbNZIz54tgn4O0',
  client_id: '563584335869-fgrhgmd47bqnekij5i8b5pr03ho849e6.apps.googleusercontent.com',
  client_secret: 'j9iVZfS8kkCEFUPaAeJV0sAi',
  grant_type: 'refresh_token',
  scope: 'email https://www.googleapis.com/auth/cloudplatformprojects.readonly https://www.googleapis.com/auth/firebase openid'
} 
 Fri Mar 17 2023 19:39:53 GMT+0800 (中国标准时间)
[debug] [2023-03-17T11:39:54.495Z] <<< HTTP RESPONSE 200
[debug] [2023-03-17T11:39:54.500Z] >>> HTTP REQUEST GET https://admin.firebase.com/v1/projects/api-project-8425737642  
  
 Fri Mar 17 2023 19:39:54 GMT+0800 (中国标准时间)
[debug] [2023-03-17T11:40:16.359Z] Error: connect ETIMEDOUT 104.197.85.31:443
    at TCPConnectWrap.afterConnect [as oncomplete] (net.js:1146:16)
[error] 
[error] Error: Server Error. connect ETIMEDOUT 104.197.85.31:443
[debug] [2023-03-17T11:40:27.282Z] ----------------------------------------------------------------------
[debug] [2023-03-17T11:40:27.285Z] Command:       d:\nodejs\node.exe C:\Users\Administrator\AppData\Roaming\npm\node_modules\firebase-tools\bin\firebase init hosting
[debug] [2023-03-17T11:40:27.285Z] CLI Version:   3.18.4
[debug] [2023-03-17T11:40:27.285Z] Platform:      win32
[debug] [2023-03-17T11:40:27.285Z] Node Version:  v14.16.0
[debug] [2023-03-17T11:40:27.286Z] Time:          Fri Mar 17 2023 19:40:27 GMT+0800 (中国标准时间)
[debug] [2023-03-17T11:40:27.286Z] ----------------------------------------------------------------------
[debug] 
[debug] [2023-03-17T11:40:27.299Z] > command requires scopes: ["email","openid","https://www.googleapis.com/auth/cloudplatformprojects.readonly","https://www.googleapis.com/auth/firebase"]
[debug] [2023-03-17T11:40:27.300Z] > authorizing via signed-in user
[info] 
     ######## #### ########  ######## ########     ###     ######  ########
     ##        ##  ##     ## ##       ##     ##  ##   ##  ##       ##
     ######    ##  ########  ######   ########  #########  ######  ######
     ##        ##  ##    ##  ##       ##     ## ##     ##       ## ##
     ##       #### ##     ## ######## ########  ##     ##  ######  ########

You're about to initialize a Firebase project in this directory:

  E:\deploy_folder\easy

Before we get started, keep in mind:

  * You are initializing in an existing Firebase project directory

[info] 
=== Project Setup
[info] 
[info] First, let's associate this project directory with a Firebase project.
[info] You can create multiple project aliases by running firebase use --add, 
[info] but for now we'll just set up a default project.
[info] 
[debug] [2023-03-17T11:40:29.770Z] >>> HTTP REQUEST GET https://admin.firebase.com/v1/projects  
  
 Fri Mar 17 2023 19:40:29 GMT+0800 (中国标准时间)
[debug] [2023-03-17T11:40:54.128Z] Error: connect ETIMEDOUT 104.197.85.31:443
    at TCPConnectWrap.afterConnect [as oncomplete] (net.js:1146:16)
[error] 
[error] Error: Server Error. connect ETIMEDOUT 104.197.85.31:443
[debug] [2023-03-17T11:51:54.500Z] ----------------------------------------------------------------------
[debug] [2023-03-17T11:51:54.502Z] Command:       d:\nodejs\node.exe C:\Users\Administrator\AppData\Roaming\npm\node_modules\firebase-tools\bin\firebase list
[debug] [2023-03-17T11:51:54.503Z] CLI Version:   3.18.4
[debug] [2023-03-17T11:51:54.503Z] Platform:      win32
[debug] [2023-03-17T11:51:54.503Z] Node Version:  v14.16.0
[debug] [2023-03-17T11:51:54.504Z] Time:          Fri Mar 17 2023 19:51:54 GMT+0800 (中国标准时间)
[debug] [2023-03-17T11:51:54.504Z] ----------------------------------------------------------------------
[debug] 
[debug] [2023-03-17T11:51:54.516Z] > command requires scopes: ["email","openid","https://www.googleapis.com/auth/cloudplatformprojects.readonly","https://www.googleapis.com/auth/firebase"]
[debug] [2023-03-17T11:51:54.516Z] > authorizing via signed-in user
[debug] [2023-03-17T11:51:54.518Z] >>> HTTP REQUEST GET https://admin.firebase.com/v1/projects  
  
 Fri Mar 17 2023 19:51:54 GMT+0800 (中国标准时间)
[debug] [2023-03-17T11:52:16.038Z] Error: connect ETIMEDOUT 104.197.85.31:443
    at TCPConnectWrap.afterConnect [as oncomplete] (net.js:1146:16)
[error] 
[error] Error: Server Error. connect ETIMEDOUT 104.197.85.31:443
[debug] [2023-03-17T11:53:24.190Z] ----------------------------------------------------------------------
[debug] [2023-03-17T11:53:24.192Z] Command:       d:\nodejs\node.exe C:\Users\Administrator\AppData\Roaming\npm\node_modules\firebase-tools\bin\firebase init hosting:github
[debug] [2023-03-17T11:53:24.192Z] CLI Version:   3.18.4
[debug] [2023-03-17T11:53:24.192Z] Platform:      win32
[debug] [2023-03-17T11:53:24.192Z] Node Version:  v14.16.0
[debug] [2023-03-17T11:53:24.193Z] Time:          Fri Mar 17 2023 19:53:24 GMT+0800 (中国标准时间)
[debug] [2023-03-17T11:53:24.194Z] ----------------------------------------------------------------------
[debug] 
[debug] [2023-03-17T11:53:24.207Z] > command requires scopes: ["email","openid","https://www.googleapis.com/auth/cloudplatformprojects.readonly","https://www.googleapis.com/auth/firebase"]
[debug] [2023-03-17T11:53:24.208Z] > authorizing via signed-in user
[info] 
     ######## #### ########  ######## ########     ###     ######  ########
     ##        ##  ##     ## ##       ##     ##  ##   ##  ##       ##
     ######    ##  ########  ######   ########  #########  ######  ######
     ##        ##  ##    ##  ##       ##     ## ##     ##       ## ##
     ##       #### ##     ## ######## ########  ##     ##  ######  ########

You're about to initialize a Firebase project in this directory:

  E:\deploy_folder\easy

Before we get started, keep in mind:

  * You are initializing in an existing Firebase project directory

[info] 
=== Project Setup
[info] 
[info] First, let's associate this project directory with a Firebase project.
[info] You can create multiple project aliases by running firebase use --add, 
[info] but for now we'll just set up a default project.
[info] 
[debug] [2023-03-17T11:53:27.059Z] >>> HTTP REQUEST GET https://admin.firebase.com/v1/projects  
  
 Fri Mar 17 2023 19:53:27 GMT+0800 (中国标准时间)
[debug] [2023-03-17T11:53:48.391Z] Error: connect ETIMEDOUT 104.197.85.31:443
    at TCPConnectWrap.afterConnect [as oncomplete] (net.js:1146:16)
[error] 
[error] Error: Server Error. connect ETIMEDOUT 104.197.85.31:443
